p/n02099601_9504.jpg 1 0 0 500 375
p/n02099601_9518.jpg 1 0 0 333 500
p/n02099601_78.jpg 1 0 0 500 400
p/n02099601_7803.jpg 1 0 0 500 332
p/n02099601_7807.jpg 1 0 0 360 347
p/n02099601_7916.jpg 1 0 0 500 375
p/n02099601_7930.jpg 1 0 0 500 375
p/n02099601_7993.jpg 1 0 0 500 332
p/n02099601_8005.jpg 1 0 0 500 375
p/n02099601_816.jpg 1 0 0 360 290
p/n02099601_8181.jpg 1 0 0 450 726
p/n02099601_825.jpg 1 0 0 500 375
p/n02099601_831.jpg 1 0 0 500 333
p/n02099601_8429.jpg 1 0 0 464 348
p/n02099601_846.jpg 1 0 0 500 335
p/n02099601_864.jpg 1 0 0 500 376
p/n02099601_8764.jpg 1 0 0 500 375
p/n02099601_9153.jpg 1 0 0 375 500
p/n02099601_9301.jpg 1 0 0 500 375
p/n02099601_6867.jpg 1 0 0 800 1147
p/n02099601_6980.jpg 1 0 0 500 345
p/n02099601_70.jpg 1 0 0 500 400
p/n02099601_7019.jpg 1 0 0 360 299
p/n02099601_7037.jpg 1 0 0 500 375
p/n02099601_704.jpg 1 0 0 500 375
p/n02099601_7119.jpg 1 0 0 500 375
p/n02099601_7123.jpg 1 0 0 500 375
p/n02099601_7227.jpg 1 0 0 600 450
p/n02099601_7304.jpg 1 0 0 640 480
p/n02099601_7312.jpg 1 0 0 500 333
p/n02099601_7387.jpg 1 0 0 500 339
p/n02099601_7432.jpg 1 0 0 500 375
p/n02099601_7437.jpg 1 0 0 240 206
p/n02099601_7588.jpg 1 0 0 350 242
p/n02099601_7654.jpg 1 0 0 500 333
p/n02099601_7706.jpg 1 0 0 500 333
p/n02099601_7709.jpg 1 0 0 500 333
p/n02099601_7744.jpg 1 0 0 240 180
p/n02099601_7771.jpg 1 0 0 500 281
p/n02099601_7780.jpg 1 0 0 500 375
p/n02099601_6233.jpg 1 0 0 500 483
p/n02099601_6318.jpg 1 0 0 333 500
p/n02099601_6331.jpg 1 0 0 555 513
p/n02099601_6338.jpg 1 0 0 500 375
p/n02099601_6577.jpg 1 0 0 375 500
p/n02099601_67.jpg 1 0 0 500 463
p/n02099601_6726.jpg 1 0 0 500 339
p/n02099601_6772.jpg 1 0 0 2048 1360
p/n02099601_6814.jpg 1 0 0 333 500
p/n02099601_6820.jpg 1 0 0 333 500
p/n02099601_5366.jpg 1 0 0 500 394
p/n02099601_544.jpg 1 0 0 500 351
p/n02099601_5452.jpg 1 0 0 500 364
p/n02099601_5453.jpg 1 0 0 500 375
p/n02099601_5544.jpg 1 0 0 500 338
p/n02099601_5642.jpg 1 0 0 300 353
p/n02099601_5655.jpg 1 0 0 500 375
p/n02099601_5679.jpg 1 0 0 165 156
p/n02099601_569.jpg 1 0 0 279 300
p/n02099601_5709.jpg 1 0 0 500 397
p/n02099601_5736.jpg 1 0 0 500 333
p/n02099601_5764.jpg 1 0 0 390 500
p/n02099601_5857.jpg 1 0 0 500 326
p/n02099601_5876.jpg 1 0 0 500 375
p/n02099601_5893.jpg 1 0 0 500 375
p/n02099601_6099.jpg 1 0 0 320 350
p/n02099601_6105.jpg 1 0 0 421 500
p/n02099601_6139.jpg 1 0 0 500 375
p/n02099601_6194.jpg 1 0 0 360 281
p/n02099601_3720.jpg 1 0 0 500 333
p/n02099601_3738.jpg 1 0 0 560 360
p/n02099601_3853.jpg 1 0 0 500 375
p/n02099601_3869.jpg 1 0 0 500 357
p/n02099601_4005.jpg 1 0 0 375 500
p/n02099601_4241.jpg 1 0 0 175 200
p/n02099601_4256.jpg 1 0 0 350 263
p/n02099601_4312.jpg 1 0 0 500 375
p/n02099601_447.jpg 1 0 0 500 402
p/n02099601_4651.jpg 1 0 0 500 375
p/n02099601_4678.jpg 1 0 0 375 500
p/n02099601_473.jpg 1 0 0 500 401
p/n02099601_4843.jpg 1 0 0 500 375
p/n02099601_4933.jpg 1 0 0 500 333
p/n02099601_5.jpg 1 0 0 250 251
p/n02099601_5051.jpg 1 0 0 500 218
p/n02099601_5132.jpg 1 0 0 300 400
p/n02099601_5160.jpg 1 0 0 500 357
p/n02099601_5188.jpg 1 0 0 500 331
p/n02099601_5240.jpg 1 0 0 500 456
p/n02099601_286.jpg 1 0 0 500 375
p/n02099601_2980.jpg 1 0 0 360 289
p/n02099601_2994.jpg 1 0 0 399 600
p/n02099601_3004.jpg 1 0 0 310 216
p/n02099601_3007.jpg 1 0 0 500 478
p/n02099601_304.jpg 1 0 0 460 346
p/n02099601_3073.jpg 1 0 0 501 373
p/n02099601_308.jpg 1 0 0 500 375
p/n02099601_3097.jpg 1 0 0 375 500
p/n02099601_3111.jpg 1 0 0 500 375
p/n02099601_3202.jpg 1 0 0 255 360
p/n02099601_3262.jpg 1 0 0 500 375
p/n02099601_3327.jpg 1 0 0 449 500
p/n02099601_3360.jpg 1 0 0 800 613
p/n02099601_3388.jpg 1 0 0 500 333
p/n02099601_3414.jpg 1 0 0 400 329
p/n02099601_342.jpg 1 0 0 363 500
p/n02099601_345.jpg 1 0 0 500 321
p/n02099601_3494.jpg 1 0 0 500 375
p/n02099601_3508.jpg 1 0 0 250 262
p/n02099601_3569.jpg 1 0 0 500 400
p/n02099601_3666.jpg 1 0 0 500 375
p/n02099601_176.jpg 1 0 0 1280 960
p/n02099601_1768.jpg 1 0 0 500 360
p/n02099601_2029.jpg 1 0 0 500 375
p/n02099601_2076.jpg 1 0 0 160 240
p/n02099601_215.jpg 1 0 0 500 375
p/n02099601_2295.jpg 1 0 0 360 480
p/n02099601_2358.jpg 1 0 0 500 465
p/n02099601_2359.jpg 1 0 0 333 500
p/n02099601_238.jpg 1 0 0 500 333
p/n02099601_2408.jpg 1 0 0 500 334
p/n02099601_2422.jpg 1 0 0 282 424
p/n02099601_2440.jpg 1 0 0 410 307
p/n02099601_2495.jpg 1 0 0 500 400
p/n02099601_2536.jpg 1 0 0 332 500
p/n02099601_2663.jpg 1 0 0 500 500
p/n02099601_2688.jpg 1 0 0 375 500
p/n02099601_2691.jpg 1 0 0 500 441
p/n02099601_2796.jpg 1 0 0 500 375
p/n02099601_280.jpg 1 0 0 644 559
p/n02099601_281.jpg 1 0 0 496 500
p/n02099601_124.jpg 1 0 0 640 480
p/n02099601_1249.jpg 1 0 0 500 333
p/n02099601_1259.jpg 1 0 0 750 562
p/n02099601_1324.jpg 1 0 0 358 532
p/n02099601_14.jpg 1 0 0 500 375
p/n02099601_142.jpg 1 0 0 500 375
p/n02099601_1442.jpg 1 0 0 400 449
p/n02099601_1454.jpg 1 0 0 500 333
p/n02099601_146.jpg 1 0 0 500 416
p/n02099601_1580.jpg 1 0 0 500 349
p/n02099601_1633.jpg 1 0 0 500 332
p/n02099601_1743.jpg 1 0 0 500 333
p/n02099601_10.jpg 1 0 0 500 334
p/n02099601_100.jpg 1 0 0 367 284
p/n02099601_1010.jpg 1 0 0 683 599
p/n02099601_1028.jpg 1 0 0 500 381
p/n02099601_109.jpg 1 0 0 333 500
p/n02099601_1162.jpg 1 0 0 500 352
p/n02099601_118.jpg 1 0 0 200 326